[debug] [2020-11-03T14:23:55.047Z] ----------------------------------------------------------------------
[debug] [2020-11-03T14:23:55.052Z] Command:       C:\Program Files\nodejs\node.exe C:\Users\bestt\AppData\Roaming\npm\node_modules\firebase-tools\lib\bin\firebase.js emulators:start
[debug] [2020-11-03T14:23:55.053Z] CLI Version:   8.14.1
[debug] [2020-11-03T14:23:55.053Z] Platform:      win32
[debug] [2020-11-03T14:23:55.053Z] Node Version:  v13.12.0
[debug] [2020-11-03T14:23:55.065Z] Time:          Tue Nov 03 2020 19:53:55 GMT+0530 (India Standard Time)
[debug] [2020-11-03T14:23:55.066Z] ----------------------------------------------------------------------
[debug] [2020-11-03T14:23:55.066Z] 
[debug] [2020-11-03T14:23:55.088Z] > command requires scopes: ["email","openid","https://www.googleapis.com/auth/cloudplatformprojects.readonly","https://www.googleapis.com/auth/firebase","https://www.googleapis.com/auth/cloud-platform"]
[debug] [2020-11-03T14:23:55.089Z] > authorizing via signed-in user
[info] i  emulators: Starting emulators: functions, hosting {"metadata":{"emulator":{"name":"hub"},"message":"Starting emulators: functions, hosting"}}
[debug] [2020-11-03T14:23:57.155Z] [hub] writing locator at C:\Users\bestt\AppData\Local\Temp\hub-clone-e486a.json
[warn] !  functions: The following emulators are not running, calls to these services from the Functions emulator will affect production: auth, firestore, database, pubsub {"metadata":{"emulator":{"name":"functions"},"message":"The following emulators are not running, calls to these services from the Functions emulator will affect production: \u001b[1mauth, firestore, database, pubsub\u001b[22m"}}
[warn] !  Your requested "node" version "12" doesn't match your global version "13" {"metadata":{"emulator":{"name":"functions"},"message":"Your requested \"node\" version \"12\" doesn't match your global version \"13\""}}
[debug] [2020-11-03T14:23:59.268Z] defaultcredentials: writing to file C:\Users\bestt\AppData\Roaming\firebase\besttechamit_gmail_com_application_default_credentials.json
[debug] [2020-11-03T14:23:59.277Z] Setting GAC to C:\Users\bestt\AppData\Roaming\firebase\besttechamit_gmail_com_application_default_credentials.json {"metadata":{"emulator":{"name":"functions"},"message":"Setting GAC to C:\\Users\\bestt\\AppData\\Roaming\\firebase\\besttechamit_gmail_com_application_default_credentials.json"}}
[debug] [2020-11-03T14:24:01.325Z] > refreshing access token with scopes: ["email","https://www.googleapis.com/auth/cloud-platform","https://www.googleapis.com/auth/cloudplatformprojects.readonly","https://www.googleapis.com/auth/firebase","openid"]
[debug] [2020-11-03T14:24:01.326Z] >>> HTTP REQUEST POST https://www.googleapis.com/oauth2/v3/token  
 <request body omitted>
[debug] [2020-11-03T14:24:01.783Z] <<< HTTP RESPONSE 200 {"expires":"Mon, 01 Jan 1990 00:00:00 GMT","date":"Tue, 03 Nov 2020 14:24:01 GMT","cache-control":"no-cache, no-store, max-age=0, must-revalidate","pragma":"no-cache","content-type":"application/json; charset=utf-8","vary":"X-Origin, Referer, Origin,Accept-Encoding","server":"scaffolding on HTTPServer2","x-xss-protection":"0","x-frame-options":"SAMEORIGIN","x-content-type-options":"nosniff","alt-svc":"h3-Q050=\":443\"; ma=2592000,h3-29=\":443\"; ma=2592000,h3-T051=\":443\"; ma=2592000,h3-T050=\":443\"; ma=2592000,h3-Q046=\":443\"; ma=2592000,h3-Q043=\":443\"; ma=2592000,quic=\":443\"; ma=2592000; v=\"46,43\"","accept-ranges":"none","transfer-encoding":"chunked"}
[debug] [2020-11-03T14:24:01.799Z] >>> HTTP REQUEST GET https://firebase.googleapis.com/v1beta1/projects/clone-e486a/webApps/-/config  
 
[debug] [2020-11-03T14:24:03.385Z] <<< HTTP RESPONSE 200 {"content-type":"application/json; charset=UTF-8","vary":"X-Origin, Referer, Origin,Accept-Encoding","date":"Tue, 03 Nov 2020 14:24:03 GMT","server":"ESF","cache-control":"private","x-xss-protection":"0","x-frame-options":"SAMEORIGIN","x-content-type-options":"nosniff","alt-svc":"h3-Q050=\":443\"; ma=2592000,h3-29=\":443\"; ma=2592000,h3-T051=\":443\"; ma=2592000,h3-T050=\":443\"; ma=2592000,h3-Q046=\":443\"; ma=2592000,h3-Q043=\":443\"; ma=2592000,quic=\":443\"; ma=2592000; v=\"46,43\"","accept-ranges":"none","transfer-encoding":"chunked"}
[info] i  hosting: Serving hosting files from: build {"metadata":{"emulator":{"name":"hosting"},"message":"Serving hosting files from: \u001b[1mbuild\u001b[22m"}}
[info] +  hosting: Local server: http://localhost:5000 {"metadata":{"emulator":{"name":"hosting"},"message":"Local server: \u001b[4m\u001b[1mhttp://localhost:5000\u001b[22m\u001b[24m"}}
[debug] [2020-11-03T14:24:07.554Z] Ignoring unsupported arg: auto_download {"metadata":{"emulator":{"name":"ui"},"message":"Ignoring unsupported arg: auto_download"}}
[debug] [2020-11-03T14:24:07.555Z] Ignoring unsupported arg: port {"metadata":{"emulator":{"name":"ui"},"message":"Ignoring unsupported arg: port"}}
[debug] [2020-11-03T14:24:07.555Z] Starting Emulator UI with command {"binary":"node","args":["C:\\Users\\bestt\\.cache\\firebase\\emulators\\ui-v1.2.2\\server.bundle.js"],"optionalArgs":[],"joinArgs":false} {"metadata":{"emulator":{"name":"ui"},"message":"Starting Emulator UI with command {\"binary\":\"node\",\"args\":[\"C:\\\\Users\\\\bestt\\\\.cache\\\\firebase\\\\emulators\\\\ui-v1.2.2\\\\server.bundle.js\"],\"optionalArgs\":[],\"joinArgs\":false}"}}
[info] i  ui: Emulator UI logging to ui-debug.log {"metadata":{"emulator":{"name":"ui"},"message":"Emulator UI logging to \u001b[1mui-debug.log\u001b[22m"}}
[debug] [2020-11-03T14:24:07.945Z] Web / API server started at http://localhost:4000
 {"metadata":{"emulator":{"name":"ui"},"message":"Web / API server started at http://localhost:4000\n"}}
[info] i  functions: Watching "E:\Projects\Amazon Clone using React.js\Amazon-clone-using-React.js-and-firebase\functions" for Cloud Functions... {"metadata":{"emulator":{"name":"functions"},"message":"Watching \"E:\\Projects\\Amazon Clone using React.js\\Amazon-clone-using-React.js-and-firebase\\functions\" for Cloud Functions..."}}
[debug] [2020-11-03T14:24:08.263Z] [worker-pool] addWorker(~diagnostic~) {"metadata":{"emulator":{"name":"functions"},"message":"[worker-pool] addWorker(~diagnostic~)"}}
[debug] [2020-11-03T14:24:08.263Z] [worker-pool] Adding worker with key ~diagnostic~, total=1 {"metadata":{"emulator":{"name":"functions"},"message":"[worker-pool] Adding worker with key ~diagnostic~, total=1"}}
[debug] [2020-11-03T14:24:08.264Z] [worker-pool] submitWork(triggerId=) {"metadata":{"emulator":{"name":"functions"},"message":"[worker-pool] submitWork(triggerId=)"}}
[debug] [2020-11-03T14:24:08.265Z] [worker-~diagnostic~-e4eb01a5-91c7-4498-97d6-4ed674ecff03]: Assigning socketPath: \\?\pipe\E:\Projects\Amazon Clone using React.js\Amazon-clone-using-React.js-and-firebase\functions\2116 {"metadata":{"emulator":{"name":"functions"},"message":"[worker-~diagnostic~-e4eb01a5-91c7-4498-97d6-4ed674ecff03]: Assigning socketPath: \\\\?\\pipe\\E:\\Projects\\Amazon Clone using React.js\\Amazon-clone-using-React.js-and-firebase\\functions\\2116"}}
[debug] [2020-11-03T14:24:08.265Z] [worker-~diagnostic~-e4eb01a5-91c7-4498-97d6-4ed674ecff03]: BUSY {"metadata":{"emulator":{"name":"functions"},"message":"[worker-~diagnostic~-e4eb01a5-91c7-4498-97d6-4ed674ecff03]: BUSY"}}
[debug] [2020-11-03T14:24:09.590Z] [runtime-status] [2116] Functions runtime initialized. {"cwd":"E:\\Projects\\Amazon Clone using React.js\\Amazon-clone-using-React.js-and-firebase\\functions","node_version":"13.12.0"} {"metadata":{"emulator":{"name":"functions"},"message":"[runtime-status] [2116] Functions runtime initialized. {\"cwd\":\"E:\\\\Projects\\\\Amazon Clone using React.js\\\\Amazon-clone-using-React.js-and-firebase\\\\functions\",\"node_version\":\"13.12.0\"}"}}
[debug] [2020-11-03T14:24:09.595Z] [runtime-status] [2116] Disabled runtime features: undefined {"metadata":{"emulator":{"name":"functions"},"message":"[runtime-status] [2116] Disabled runtime features: undefined"}}
[debug] [2020-11-03T14:24:09.613Z] [runtime-status] [2116] Resolved module firebase-admin {"declared":true,"installed":true,"version":"9.3.0","resolution":"E:\\Projects\\Amazon Clone using React.js\\Amazon-clone-using-React.js-and-firebase\\functions\\node_modules\\firebase-admin\\lib\\index.js"} {"metadata":{"emulator":{"name":"functions"},"message":"[runtime-status] [2116] Resolved module firebase-admin {\"declared\":true,\"installed\":true,\"version\":\"9.3.0\",\"resolution\":\"E:\\\\Projects\\\\Amazon Clone using React.js\\\\Amazon-clone-using-React.js-and-firebase\\\\functions\\\\node_modules\\\\firebase-admin\\\\lib\\\\index.js\"}"}}
[debug] [2020-11-03T14:24:09.618Z] [runtime-status] [2116] Resolved module firebase-functions {"declared":true,"installed":true,"version":"3.11.0","resolution":"E:\\Projects\\Amazon Clone using React.js\\Amazon-clone-using-React.js-and-firebase\\functions\\node_modules\\firebase-functions\\lib\\index.js"} {"metadata":{"emulator":{"name":"functions"},"message":"[runtime-status] [2116] Resolved module firebase-functions {\"declared\":true,\"installed\":true,\"version\":\"3.11.0\",\"resolution\":\"E:\\\\Projects\\\\Amazon Clone using React.js\\\\Amazon-clone-using-React.js-and-firebase\\\\functions\\\\node_modules\\\\firebase-functions\\\\lib\\\\index.js\"}"}}
[debug] [2020-11-03T14:24:09.624Z] [runtime-status] [2116] Resolved module firebase-functions {"declared":true,"installed":true,"version":"3.11.0","resolution":"E:\\Projects\\Amazon Clone using React.js\\Amazon-clone-using-React.js-and-firebase\\functions\\node_modules\\firebase-functions\\lib\\index.js"} {"metadata":{"emulator":{"name":"functions"},"message":"[runtime-status] [2116] Resolved module firebase-functions {\"declared\":true,\"installed\":true,\"version\":\"3.11.0\",\"resolution\":\"E:\\\\Projects\\\\Amazon Clone using React.js\\\\Amazon-clone-using-React.js-and-firebase\\\\functions\\\\node_modules\\\\firebase-functions\\\\lib\\\\index.js\"}"}}
[debug] [2020-11-03T14:24:09.629Z] [runtime-status] [2116] Outgoing network have been stubbed. [{"name":"http","status":"mocked"},{"name":"http","status":"mocked"},{"name":"https","status":"mocked"},{"name":"https","status":"mocked"},{"name":"net","status":"mocked"}] {"metadata":{"emulator":{"name":"functions"},"message":"[runtime-status] [2116] Outgoing network have been stubbed. [{\"name\":\"http\",\"status\":\"mocked\"},{\"name\":\"http\",\"status\":\"mocked\"},{\"name\":\"https\",\"status\":\"mocked\"},{\"name\":\"https\",\"status\":\"mocked\"},{\"name\":\"net\",\"status\":\"mocked\"}]"}}
[debug] [2020-11-03T14:24:09.631Z] [runtime-status] [2116] Resolved module firebase-functions {"declared":true,"installed":true,"version":"3.11.0","resolution":"E:\\Projects\\Amazon Clone using React.js\\Amazon-clone-using-React.js-and-firebase\\functions\\node_modules\\firebase-functions\\lib\\index.js"} {"metadata":{"emulator":{"name":"functions"},"message":"[runtime-status] [2116] Resolved module firebase-functions {\"declared\":true,\"installed\":true,\"version\":\"3.11.0\",\"resolution\":\"E:\\\\Projects\\\\Amazon Clone using React.js\\\\Amazon-clone-using-React.js-and-firebase\\\\functions\\\\node_modules\\\\firebase-functions\\\\lib\\\\index.js\"}"}}
[debug] [2020-11-03T14:24:09.851Z] [runtime-status] [2116] Checked functions.config() {"config":{}} {"metadata":{"emulator":{"name":"functions"},"message":"[runtime-status] [2116] Checked functions.config() {\"config\":{}}"}}
[debug] [2020-11-03T14:24:09.852Z] [runtime-status] [2116] firebase-functions has been stubbed. {"functionsResolution":{"declared":true,"installed":true,"version":"3.11.0","resolution":"E:\\Projects\\Amazon Clone using React.js\\Amazon-clone-using-React.js-and-firebase\\functions\\node_modules\\firebase-functions\\lib\\index.js"}} {"metadata":{"emulator":{"name":"functions"},"message":"[runtime-status] [2116] firebase-functions has been stubbed. {\"functionsResolution\":{\"declared\":true,\"installed\":true,\"version\":\"3.11.0\",\"resolution\":\"E:\\\\Projects\\\\Amazon Clone using React.js\\\\Amazon-clone-using-React.js-and-firebase\\\\functions\\\\node_modules\\\\firebase-functions\\\\lib\\\\index.js\"}}"}}
[debug] [2020-11-03T14:24:09.853Z] [runtime-status] [2116] Resolved module firebase-functions {"declared":true,"installed":true,"version":"3.11.0","resolution":"E:\\Projects\\Amazon Clone using React.js\\Amazon-clone-using-React.js-and-firebase\\functions\\node_modules\\firebase-functions\\lib\\index.js"} {"metadata":{"emulator":{"name":"functions"},"message":"[runtime-status] [2116] Resolved module firebase-functions {\"declared\":true,\"installed\":true,\"version\":\"3.11.0\",\"resolution\":\"E:\\\\Projects\\\\Amazon Clone using React.js\\\\Amazon-clone-using-React.js-and-firebase\\\\functions\\\\node_modules\\\\firebase-functions\\\\lib\\\\index.js\"}"}}
[debug] [2020-11-03T14:24:09.853Z] [runtime-status] [2116] Resolved module firebase-admin {"declared":true,"installed":true,"version":"9.3.0","resolution":"E:\\Projects\\Amazon Clone using React.js\\Amazon-clone-using-React.js-and-firebase\\functions\\node_modules\\firebase-admin\\lib\\index.js"} {"metadata":{"emulator":{"name":"functions"},"message":"[runtime-status] [2116] Resolved module firebase-admin {\"declared\":true,\"installed\":true,\"version\":\"9.3.0\",\"resolution\":\"E:\\\\Projects\\\\Amazon Clone using React.js\\\\Amazon-clone-using-React.js-and-firebase\\\\functions\\\\node_modules\\\\firebase-admin\\\\lib\\\\index.js\"}"}}
[debug] [2020-11-03T14:24:09.853Z] [runtime-status] [2116] Resolved module firebase-functions {"declared":true,"installed":true,"version":"3.11.0","resolution":"E:\\Projects\\Amazon Clone using React.js\\Amazon-clone-using-React.js-and-firebase\\functions\\node_modules\\firebase-functions\\lib\\index.js"} {"metadata":{"emulator":{"name":"functions"},"message":"[runtime-status] [2116] Resolved module firebase-functions {\"declared\":true,\"installed\":true,\"version\":\"3.11.0\",\"resolution\":\"E:\\\\Projects\\\\Amazon Clone using React.js\\\\Amazon-clone-using-React.js-and-firebase\\\\functions\\\\node_modules\\\\firebase-functions\\\\lib\\\\index.js\"}"}}
[debug] [2020-11-03T14:24:09.854Z] [runtime-status] [2116] firebase-admin has been stubbed. {"adminResolution":{"declared":true,"installed":true,"version":"9.3.0","resolution":"E:\\Projects\\Amazon Clone using React.js\\Amazon-clone-using-React.js-and-firebase\\functions\\node_modules\\firebase-admin\\lib\\index.js"}} {"metadata":{"emulator":{"name":"functions"},"message":"[runtime-status] [2116] firebase-admin has been stubbed. {\"adminResolution\":{\"declared\":true,\"installed\":true,\"version\":\"9.3.0\",\"resolution\":\"E:\\\\Projects\\\\Amazon Clone using React.js\\\\Amazon-clone-using-React.js-and-firebase\\\\functions\\\\node_modules\\\\firebase-admin\\\\lib\\\\index.js\"}}"}}
[info] +  functions[api]: http function initialized (http://localhost:5001/clone-e486a/us-central1/api). {"metadata":{"emulator":{"name":"functions"},"message":"\u001b[1mhttp\u001b[22m function initialized (http://localhost:5001/clone-e486a/us-central1/api)."}}
[info] 
┌───────────────────────────────────────────────────────────────────────┐
│ ✔  All emulators ready! View status and logs at http://localhost:4000 │
└───────────────────────────────────────────────────────────────────────┘

┌───────────┬────────────────┬─────────────────────────────────┐
│ Emulator  │ Host:Port      │ View in Emulator UI             │
├───────────┼────────────────┼─────────────────────────────────┤
│ Functions │ localhost:5001 │ http://localhost:4000/functions │
├───────────┼────────────────┼─────────────────────────────────┤
│ Hosting   │ localhost:5000 │ n/a                             │
└───────────┴────────────────┴─────────────────────────────────┘
  Other reserved ports: 4400, 4500

Issues? Report them at https://github.com/firebase/firebase-tools/issues and attach the *-debug.log files.
 
[debug] [2020-11-03T14:24:12.174Z] [worker-~diagnostic~-e4eb01a5-91c7-4498-97d6-4ed674ecff03]: IDLE {"metadata":{"emulator":{"name":"functions"},"message":"[worker-~diagnostic~-e4eb01a5-91c7-4498-97d6-4ed674ecff03]: IDLE"}}
[debug] [2020-11-03T14:25:49.288Z] [work-queue] {"queueLength":1,"workRunningCount":0}
[debug] [2020-11-03T14:25:49.289Z] [work-queue] {"queueLength":0,"workRunningCount":1}
[debug] [2020-11-03T14:25:49.290Z] Accepted request GET /clone-e486a/us-central1/api --> api
[debug] [2020-11-03T14:25:49.360Z] [worker-pool] addWorker(api) {"metadata":{"emulator":{"name":"functions"},"message":"[worker-pool] addWorker(api)"}}
[debug] [2020-11-03T14:25:49.361Z] [worker-pool] Adding worker with key api, total=1 {"metadata":{"emulator":{"name":"functions"},"message":"[worker-pool] Adding worker with key api, total=1"}}
[debug] [2020-11-03T14:25:49.361Z] [worker-pool] submitWork(triggerId=api) {"metadata":{"emulator":{"name":"functions"},"message":"[worker-pool] submitWork(triggerId=api)"}}
[debug] [2020-11-03T14:25:49.361Z] [worker-api-d75b7dcb-1a82-449f-b03b-10ee97a86efb]: Assigning socketPath: \\?\pipe\E:\Projects\Amazon Clone using React.js\Amazon-clone-using-React.js-and-firebase\functions\1400 {"metadata":{"emulator":{"name":"functions"},"message":"[worker-api-d75b7dcb-1a82-449f-b03b-10ee97a86efb]: Assigning socketPath: \\\\?\\pipe\\E:\\Projects\\Amazon Clone using React.js\\Amazon-clone-using-React.js-and-firebase\\functions\\1400"}}
[debug] [2020-11-03T14:25:49.362Z] [worker-api-d75b7dcb-1a82-449f-b03b-10ee97a86efb]: BUSY {"metadata":{"emulator":{"name":"functions"},"message":"[worker-api-d75b7dcb-1a82-449f-b03b-10ee97a86efb]: BUSY"}}
[debug] [2020-11-03T14:25:50.691Z] [runtime-status] [1400] Functions runtime initialized. {"cwd":"E:\\Projects\\Amazon Clone using React.js\\Amazon-clone-using-React.js-and-firebase\\functions","node_version":"13.12.0"} {"metadata":{"emulator":{"name":"functions"},"function":{"name":"api"},"message":"[runtime-status] [1400] Functions runtime initialized. {\"cwd\":\"E:\\\\Projects\\\\Amazon Clone using React.js\\\\Amazon-clone-using-React.js-and-firebase\\\\functions\",\"node_version\":\"13.12.0\"}"}}
[debug] [2020-11-03T14:25:50.698Z] [runtime-status] [1400] Disabled runtime features: undefined {"metadata":{"emulator":{"name":"functions"},"function":{"name":"api"},"message":"[runtime-status] [1400] Disabled runtime features: undefined"}}
[debug] [2020-11-03T14:25:50.716Z] [runtime-status] [1400] Resolved module firebase-admin {"declared":true,"installed":true,"version":"9.3.0","resolution":"E:\\Projects\\Amazon Clone using React.js\\Amazon-clone-using-React.js-and-firebase\\functions\\node_modules\\firebase-admin\\lib\\index.js"} {"metadata":{"emulator":{"name":"functions"},"function":{"name":"api"},"message":"[runtime-status] [1400] Resolved module firebase-admin {\"declared\":true,\"installed\":true,\"version\":\"9.3.0\",\"resolution\":\"E:\\\\Projects\\\\Amazon Clone using React.js\\\\Amazon-clone-using-React.js-and-firebase\\\\functions\\\\node_modules\\\\firebase-admin\\\\lib\\\\index.js\"}"}}
[debug] [2020-11-03T14:25:50.723Z] [runtime-status] [1400] Resolved module firebase-functions {"declared":true,"installed":true,"version":"3.11.0","resolution":"E:\\Projects\\Amazon Clone using React.js\\Amazon-clone-using-React.js-and-firebase\\functions\\node_modules\\firebase-functions\\lib\\index.js"} {"metadata":{"emulator":{"name":"functions"},"function":{"name":"api"},"message":"[runtime-status] [1400] Resolved module firebase-functions {\"declared\":true,\"installed\":true,\"version\":\"3.11.0\",\"resolution\":\"E:\\\\Projects\\\\Amazon Clone using React.js\\\\Amazon-clone-using-React.js-and-firebase\\\\functions\\\\node_modules\\\\firebase-functions\\\\lib\\\\index.js\"}"}}
[debug] [2020-11-03T14:25:50.730Z] [runtime-status] [1400] Resolved module firebase-functions {"declared":true,"installed":true,"version":"3.11.0","resolution":"E:\\Projects\\Amazon Clone using React.js\\Amazon-clone-using-React.js-and-firebase\\functions\\node_modules\\firebase-functions\\lib\\index.js"} {"metadata":{"emulator":{"name":"functions"},"function":{"name":"api"},"message":"[runtime-status] [1400] Resolved module firebase-functions {\"declared\":true,\"installed\":true,\"version\":\"3.11.0\",\"resolution\":\"E:\\\\Projects\\\\Amazon Clone using React.js\\\\Amazon-clone-using-React.js-and-firebase\\\\functions\\\\node_modules\\\\firebase-functions\\\\lib\\\\index.js\"}"}}
[debug] [2020-11-03T14:25:50.734Z] [runtime-status] [1400] Outgoing network have been stubbed. [{"name":"http","status":"mocked"},{"name":"http","status":"mocked"},{"name":"https","status":"mocked"},{"name":"https","status":"mocked"},{"name":"net","status":"mocked"}] {"metadata":{"emulator":{"name":"functions"},"function":{"name":"api"},"message":"[runtime-status] [1400] Outgoing network have been stubbed. [{\"name\":\"http\",\"status\":\"mocked\"},{\"name\":\"http\",\"status\":\"mocked\"},{\"name\":\"https\",\"status\":\"mocked\"},{\"name\":\"https\",\"status\":\"mocked\"},{\"name\":\"net\",\"status\":\"mocked\"}]"}}
[debug] [2020-11-03T14:25:50.736Z] [runtime-status] [1400] Resolved module firebase-functions {"declared":true,"installed":true,"version":"3.11.0","resolution":"E:\\Projects\\Amazon Clone using React.js\\Amazon-clone-using-React.js-and-firebase\\functions\\node_modules\\firebase-functions\\lib\\index.js"} {"metadata":{"emulator":{"name":"functions"},"function":{"name":"api"},"message":"[runtime-status] [1400] Resolved module firebase-functions {\"declared\":true,\"installed\":true,\"version\":\"3.11.0\",\"resolution\":\"E:\\\\Projects\\\\Amazon Clone using React.js\\\\Amazon-clone-using-React.js-and-firebase\\\\functions\\\\node_modules\\\\firebase-functions\\\\lib\\\\index.js\"}"}}
[debug] [2020-11-03T14:25:50.880Z] [runtime-status] [1400] Checked functions.config() {"config":{}} {"metadata":{"emulator":{"name":"functions"},"function":{"name":"api"},"message":"[runtime-status] [1400] Checked functions.config() {\"config\":{}}"}}
[debug] [2020-11-03T14:25:50.881Z] [runtime-status] [1400] firebase-functions has been stubbed. {"functionsResolution":{"declared":true,"installed":true,"version":"3.11.0","resolution":"E:\\Projects\\Amazon Clone using React.js\\Amazon-clone-using-React.js-and-firebase\\functions\\node_modules\\firebase-functions\\lib\\index.js"}} {"metadata":{"emulator":{"name":"functions"},"function":{"name":"api"},"message":"[runtime-status] [1400] firebase-functions has been stubbed. {\"functionsResolution\":{\"declared\":true,\"installed\":true,\"version\":\"3.11.0\",\"resolution\":\"E:\\\\Projects\\\\Amazon Clone using React.js\\\\Amazon-clone-using-React.js-and-firebase\\\\functions\\\\node_modules\\\\firebase-functions\\\\lib\\\\index.js\"}}"}}
[debug] [2020-11-03T14:25:50.882Z] [runtime-status] [1400] Resolved module firebase-functions {"declared":true,"installed":true,"version":"3.11.0","resolution":"E:\\Projects\\Amazon Clone using React.js\\Amazon-clone-using-React.js-and-firebase\\functions\\node_modules\\firebase-functions\\lib\\index.js"} {"metadata":{"emulator":{"name":"functions"},"function":{"name":"api"},"message":"[runtime-status] [1400] Resolved module firebase-functions {\"declared\":true,\"installed\":true,\"version\":\"3.11.0\",\"resolution\":\"E:\\\\Projects\\\\Amazon Clone using React.js\\\\Amazon-clone-using-React.js-and-firebase\\\\functions\\\\node_modules\\\\firebase-functions\\\\lib\\\\index.js\"}"}}
[debug] [2020-11-03T14:25:50.886Z] [runtime-status] [1400] Resolved module firebase-admin {"declared":true,"installed":true,"version":"9.3.0","resolution":"E:\\Projects\\Amazon Clone using React.js\\Amazon-clone-using-React.js-and-firebase\\functions\\node_modules\\firebase-admin\\lib\\index.js"} {"metadata":{"emulator":{"name":"functions"},"function":{"name":"api"},"message":"[runtime-status] [1400] Resolved module firebase-admin {\"declared\":true,\"installed\":true,\"version\":\"9.3.0\",\"resolution\":\"E:\\\\Projects\\\\Amazon Clone using React.js\\\\Amazon-clone-using-React.js-and-firebase\\\\functions\\\\node_modules\\\\firebase-admin\\\\lib\\\\index.js\"}"}}
[debug] [2020-11-03T14:25:50.887Z] [runtime-status] [1400] Resolved module firebase-functions {"declared":true,"installed":true,"version":"3.11.0","resolution":"E:\\Projects\\Amazon Clone using React.js\\Amazon-clone-using-React.js-and-firebase\\functions\\node_modules\\firebase-functions\\lib\\index.js"} {"metadata":{"emulator":{"name":"functions"},"function":{"name":"api"},"message":"[runtime-status] [1400] Resolved module firebase-functions {\"declared\":true,\"installed\":true,\"version\":\"3.11.0\",\"resolution\":\"E:\\\\Projects\\\\Amazon Clone using React.js\\\\Amazon-clone-using-React.js-and-firebase\\\\functions\\\\node_modules\\\\firebase-functions\\\\lib\\\\index.js\"}"}}
[debug] [2020-11-03T14:25:50.888Z] [runtime-status] [1400] firebase-admin has been stubbed. {"adminResolution":{"declared":true,"installed":true,"version":"9.3.0","resolution":"E:\\Projects\\Amazon Clone using React.js\\Amazon-clone-using-React.js-and-firebase\\functions\\node_modules\\firebase-admin\\lib\\index.js"}} {"metadata":{"emulator":{"name":"functions"},"function":{"name":"api"},"message":"[runtime-status] [1400] firebase-admin has been stubbed. {\"adminResolution\":{\"declared\":true,\"installed\":true,\"version\":\"9.3.0\",\"resolution\":\"E:\\\\Projects\\\\Amazon Clone using React.js\\\\Amazon-clone-using-React.js-and-firebase\\\\functions\\\\node_modules\\\\firebase-admin\\\\lib\\\\index.js\"}}"}}
[debug] [2020-11-03T14:25:51.382Z] [runtime-status] [1400] Trigger "api" has been found, beginning invocation! {"metadata":{"emulator":{"name":"functions"},"function":{"name":"api"},"message":"[runtime-status] [1400] Trigger \"api\" has been found, beginning invocation!"}}
[info] i  functions: Beginning execution of "api" {"metadata":{"emulator":{"name":"functions"},"function":{"name":"api"},"message":"Beginning execution of \"api\""}}
[debug] [2020-11-03T14:25:51.385Z] [runtime-status] [1400] triggerDefinition {"httpsTrigger":{},"name":"api","entryPoint":"api"} {"metadata":{"emulator":{"name":"functions"},"function":{"name":"api"},"message":"[runtime-status] [1400] triggerDefinition {\"httpsTrigger\":{},\"name\":\"api\",\"entryPoint\":\"api\"}"}}
[debug] [2020-11-03T14:25:51.385Z] [runtime-status] [1400] Running api in mode HTTPS {"metadata":{"emulator":{"name":"functions"},"function":{"name":"api"},"message":"[runtime-status] [1400] Running api in mode HTTPS"}}
[debug] [2020-11-03T14:25:51.395Z] [runtime-status] [1400] Attempting to listen to socketPath: \\?\pipe\E:\Projects\Amazon Clone using React.js\Amazon-clone-using-React.js-and-firebase\functions\1400 {"metadata":{"emulator":{"name":"functions"},"function":{"name":"api"},"message":"[runtime-status] [1400] Attempting to listen to socketPath: \\\\?\\pipe\\E:\\Projects\\Amazon Clone using React.js\\Amazon-clone-using-React.js-and-firebase\\functions\\1400"}}
[debug] [2020-11-03T14:25:51.402Z] [functions] Runtime ready! Sending request! {"metadata":{"emulator":{"name":"functions"},"message":"[functions] Runtime ready! Sending request!"}}
[debug] [2020-11-03T14:25:51.419Z] [runtime-status] [1400] Ephemeral server handling GET request {"metadata":{"emulator":{"name":"functions"},"function":{"name":"api"},"message":"[runtime-status] [1400] Ephemeral server handling GET request"}}
[debug] [2020-11-03T14:25:51.436Z] [runtime-status] [1400] Ephemeral server survived. {"metadata":{"emulator":{"name":"functions"},"function":{"name":"api"},"message":"[runtime-status] [1400] Ephemeral server survived."}}
[info] i  functions: Finished "api" in ~1s {"metadata":{"emulator":{"name":"functions"},"function":{"name":"api"},"message":"Finished \"api\" in ~1s"}}
[debug] [2020-11-03T14:25:51.442Z] [worker-api-d75b7dcb-1a82-449f-b03b-10ee97a86efb]: IDLE {"metadata":{"emulator":{"name":"functions"},"message":"[worker-api-d75b7dcb-1a82-449f-b03b-10ee97a86efb]: IDLE"}}
[debug] [2020-11-03T14:25:51.443Z] [work-queue] {"queueLength":0,"workRunningCount":0}
[debug] [2020-11-03T14:25:52.278Z] Functions emulator received unknown request at path /favicon.ico
[debug] [2020-11-03T14:26:14.457Z] [work-queue] {"queueLength":1,"workRunningCount":0}
[debug] [2020-11-03T14:26:14.458Z] [work-queue] {"queueLength":0,"workRunningCount":1}
[debug] [2020-11-03T14:26:14.458Z] Accepted request POST /clone-e486a/us-central1/api/payments/create?total=94894 --> api
[debug] [2020-11-03T14:26:14.459Z] [worker-pool] submitWork(triggerId=api) {"metadata":{"emulator":{"name":"functions"},"message":"[worker-pool] submitWork(triggerId=api)"}}
[debug] [2020-11-03T14:26:14.459Z] [worker-api-d75b7dcb-1a82-449f-b03b-10ee97a86efb]: Assigning socketPath: \\?\pipe\E:\Projects\Amazon Clone using React.js\Amazon-clone-using-React.js-and-firebase\functions\1400 {"metadata":{"emulator":{"name":"functions"},"message":"[worker-api-d75b7dcb-1a82-449f-b03b-10ee97a86efb]: Assigning socketPath: \\\\?\\pipe\\E:\\Projects\\Amazon Clone using React.js\\Amazon-clone-using-React.js-and-firebase\\functions\\1400"}}
[debug] [2020-11-03T14:26:14.459Z] [worker-api-d75b7dcb-1a82-449f-b03b-10ee97a86efb]: BUSY {"metadata":{"emulator":{"name":"functions"},"message":"[worker-api-d75b7dcb-1a82-449f-b03b-10ee97a86efb]: BUSY"}}
[debug] [2020-11-03T14:26:14.461Z] [runtime-status] [1400] Trigger "api" has been found, beginning invocation! {"metadata":{"emulator":{"name":"functions"},"function":{"name":"api"},"message":"[runtime-status] [1400] Trigger \"api\" has been found, beginning invocation!"}}
[info] i  functions: Beginning execution of "api" {"metadata":{"emulator":{"name":"functions"},"function":{"name":"api"},"message":"Beginning execution of \"api\""}}
[debug] [2020-11-03T14:26:14.465Z] [runtime-status] [1400] triggerDefinition {"httpsTrigger":{},"name":"api","entryPoint":"api"} {"metadata":{"emulator":{"name":"functions"},"function":{"name":"api"},"message":"[runtime-status] [1400] triggerDefinition {\"httpsTrigger\":{},\"name\":\"api\",\"entryPoint\":\"api\"}"}}
[debug] [2020-11-03T14:26:14.467Z] [runtime-status] [1400] Running api in mode HTTPS {"metadata":{"emulator":{"name":"functions"},"function":{"name":"api"},"message":"[runtime-status] [1400] Running api in mode HTTPS"}}
[debug] [2020-11-03T14:26:14.469Z] [runtime-status] [1400] Attempting to listen to socketPath: \\?\pipe\E:\Projects\Amazon Clone using React.js\Amazon-clone-using-React.js-and-firebase\functions\1400 {"metadata":{"emulator":{"name":"functions"},"function":{"name":"api"},"message":"[runtime-status] [1400] Attempting to listen to socketPath: \\\\?\\pipe\\E:\\Projects\\Amazon Clone using React.js\\Amazon-clone-using-React.js-and-firebase\\functions\\1400"}}
[debug] [2020-11-03T14:26:14.473Z] [functions] Runtime ready! Sending request! {"metadata":{"emulator":{"name":"functions"},"message":"[functions] Runtime ready! Sending request!"}}
[debug] [2020-11-03T14:26:14.487Z] [runtime-status] [1400] Ephemeral server handling POST request {"metadata":{"emulator":{"name":"functions"},"function":{"name":"api"},"message":"[runtime-status] [1400] Ephemeral server handling POST request"}}
[info] >  Payment Request Recieved BOOM!!! for this amount >>>  94894 {"user":"Payment Request Recieved BOOM!!! for this amount >>>  94894","metadata":{"emulator":{"name":"functions"},"function":{"name":"api"},"message":"\u001b[90m> \u001b[39m Payment Request Recieved BOOM!!! for this amount >>>  94894"}}
[debug] [2020-11-03T14:26:14.540Z] [runtime-status] [1400] Ephemeral server survived. {"metadata":{"emulator":{"name":"functions"},"function":{"name":"api"},"message":"[runtime-status] [1400] Ephemeral server survived."}}
[info] i  functions: Finished "api" in ~1s {"metadata":{"emulator":{"name":"functions"},"function":{"name":"api"},"message":"Finished \"api\" in ~1s"}}
[debug] [2020-11-03T14:26:15.499Z] [worker-api-d75b7dcb-1a82-449f-b03b-10ee97a86efb]: IDLE {"metadata":{"emulator":{"name":"functions"},"message":"[worker-api-d75b7dcb-1a82-449f-b03b-10ee97a86efb]: IDLE"}}
[debug] [2020-11-03T14:26:15.499Z] [work-queue] {"queueLength":0,"workRunningCount":0}
